---- light / ericw-tools v0.18.1 ----
Raytracing backend: Embree
running with 8 threads
LoadBSPFile: 'Mystic.bsp'
BSP is version 29
--- LoadEntities ---
474 entities read, 454 are lights.
--- OptionsSummary ---
Embree_TraceInit: Embree version: 2.15.0
Embree_TraceInit:
	0 sky faces
	1379 solid faces
	0 filtered faces
	0 shadow-casting skip faces
SetupLights: 454 initial lights
SetupLights: 454 after surface lights
SetupLights: 454 after jittering
WARNING: couldn't nudge light in solid at -628.000000 628.000000 464.000000
--- EstimateLightVisibility ---
0....1....2....3....4....5....6....7....8....9....
Final count: 454 lights 0 suns in use.
--- LightWorld ---
0....1....2....3....4....5....6....7....8....9....
Lighting Completed.

lightdatasize: 68856
0 switchable light styles (32 max)
Writing Mystic.bsp as BSP version 29
0.269 seconds elapsed

stats:
5.982695 lights tested, 4.719199 hits per sample point
0.000000 bounce lights tested, 0.000000 hits per sample point
0 empty lightmaps
